[debug] [2026-03-17T12:02:28.934Z] ----------------------------------------------------------------------
[debug] [2026-03-17T12:02:28.936Z] Command:       /nix/store/ws50yvm6vzlzf7jzz6n7xh4szddrack1-nodejs-20.19.1/bin/node /nix/store/gm9mcvzb17vv8cla08khrg29vxn3sq4r-firebase-tools-15.1.0/lib/node_modules/firebase-tools/lib/bin/firebase.js init hosting
[debug] [2026-03-17T12:02:28.938Z] CLI Version:   15.1.0
[debug] [2026-03-17T12:02:28.938Z] Platform:      linux
[debug] [2026-03-17T12:02:28.938Z] Node Version:  v20.19.1
[debug] [2026-03-17T12:02:28.938Z] Time:          Tue Mar 17 2026 12:02:28 GMT+0000 (Coordinated Universal Time)
[debug] [2026-03-17T12:02:28.938Z] ----------------------------------------------------------------------
[debug] 
[debug] [2026-03-17T12:02:30.334Z] Object "/apphosting" in "firebase.json" is missing required property: {"missingProperty":"rootDir"}
[debug] [2026-03-17T12:02:30.335Z] Field "/apphosting" in "firebase.json" is possibly invalid: must be array
[debug] [2026-03-17T12:02:30.335Z] Field "/apphosting" in "firebase.json" is possibly invalid: must match a schema in anyOf
[debug] [2026-03-17T12:02:30.337Z] Checked if tokens are valid: true, expires at: 1773752547053
[debug] [2026-03-17T12:02:30.338Z] Checked if tokens are valid: true, expires at: 1773752547053
[debug] [2026-03-17T12:02:30.342Z] >>> [apiv2][query] GET https://monospace-pa.googleapis.com/v1/workspaces/storeautomation-00964815 [none]
[debug] [2026-03-17T12:02:31.389Z] <<< [apiv2][status] GET https://monospace-pa.googleapis.com/v1/workspaces/storeautomation-00964815 200
[debug] [2026-03-17T12:02:31.389Z] <<< [apiv2][body] GET https://monospace-pa.googleapis.com/v1/workspaces/storeautomation-00964815 {"workspaceId":"storeautomation-00964815","name":"store_automation","workspaceRedirectUrl":"firebase-storeautomation-1772850074397.cluster-ys234awlzbhwoxmkkse6qo3fz6.cloudworkstations.dev","status":"WORKSPACE_STATUS_RUNNING","lastAccessDatetime":"2026-03-17T11:18:57.279442Z","workspaceTemplate":"WORKSPACE_TEMPLATE_BLANK_WEB","owner":"SELF","serviceAccountEmail":"msp-5721446909847701247@monospace-per-ws-sa-7.iam.gserviceaccount.com","enableNix":true,"ownerEmail":"bsy7616@gmail.com","workspaceImageUrl":"https://www.gstatic.com/monospace/231115/logo_nextjs.svg","templateArgs":"{\"language\":\"ts\",\"srcDir\":false,\"eslint\":false,\"app\":false,\"tailwind\":false,\"__agentic_workspace\":true}","templateRepoUrl":"file:///usr/local/monospace/templates/public/nextjs","workstationAccessToken":"eyJhbGciOiJSUzI1NiIsInR5cCI6IkpXVCJ9.eyJpc3MiOiJodHRwczovL2Nsb3VkLmdvb2dsZS5jb20vd29ya3N0YXRpb25zIiwiYXVkIjoiZmlyZWJhc2Utc3RvcmVhdXRvbWF0aW9uLTE3NzI4NTAwNzQzOTcuY2x1c3Rlci15czIzNGF3bHpiaHdveG1ra3NlNnFvM2Z6Ni5jbG91ZHdvcmtzdGF0aW9ucy5kZXYiLCJpYXQiOjE3NzM3NDg5NTEsImV4cCI6MTc3MzgzNTM1MX0.aF5i-qKz7Pq6ClPk_5e5-KuiFM9Y-wABQiwZ2iNyn5tBc_ZEh3fJfDqVGMd29jr35I9CEOLIYLjzYYxxH6Ahfae9atRdpWI1PDHgwfTSqXo3J8-AXtwORpeRD0j7O857VkQPK0Rdpovxz7RF6Man-cmt5tJIKqritg49pBNOJV0SXV-LqahwnSqNb77i6ulTU4QI_vDYRjufKAVbHeI3KYPZJOBol3w7Z9OUu68_aENoQirgVTPfb61mLbLrzjR_DwFu6SMJ-APjOQPwZLicpl0Gc4-cX57YK3CF_Ian5cKkhUERauTtqlhYVEpKvMI2ZdJiCXJy8bov7EzcWe6SEA","firebaseProjectId":"store-automation-dee9e"}
[debug] [2026-03-17T12:02:31.393Z] Object "/apphosting" in "firebase.json" is missing required property: {"missingProperty":"rootDir"}
[debug] [2026-03-17T12:02:31.394Z] Field "/apphosting" in "firebase.json" is possibly invalid: must be array
[debug] [2026-03-17T12:02:31.394Z] Field "/apphosting" in "firebase.json" is possibly invalid: must match a schema in anyOf
[info] 
     ######## #### ########  ######## ########     ###     ######  ########
     ##        ##  ##     ## ##       ##     ##  ##   ##  ##       ##
     ######    ##  ########  ######   ########  #########  ######  ######
     ##        ##  ##    ##  ##       ##     ## ##     ##       ## ##
     ##       #### ##     ## ######## ########  ##     ##  ######  ########

You're about to initialize a Firebase project in this directory:

  /home/user/storeautomation

Before we get started, keep in mind:

  * You are initializing within an existing Firebase project directory

[info] 
=== Project Setup
[info] 
[info] First, let's associate this project directory with a Firebase project.
[info] You can create multiple project aliases by running firebase use --add, 
[info] 
[debug] [2026-03-17T12:02:31.402Z] > command requires scopes: ["email","openid","https://www.googleapis.com/auth/cloudplatformprojects.readonly","https://www.googleapis.com/auth/firebase","https://www.googleapis.com/auth/cloud-platform","https://www.googleapis.com/auth/userinfo.email"]
[debug] [2026-03-17T12:02:31.403Z] > authorizing via signed-in user (bsy7616@gmail.com)
[debug] [2026-03-17T12:02:31.404Z] Checked if tokens are valid: true, expires at: 1773752547053
[debug] [2026-03-17T12:02:31.404Z] Checked if tokens are valid: true, expires at: 1773752547053
[debug] [2026-03-17T12:02:31.404Z] >>> [apiv2][query] GET https://firebase.googleapis.com/v1beta1/projects/store-automation-dee9e [none]
[debug] [2026-03-17T12:02:31.677Z] <<< [apiv2][status] GET https://firebase.googleapis.com/v1beta1/projects/store-automation-dee9e 200
[debug] [2026-03-17T12:02:31.677Z] <<< [apiv2][body] GET https://firebase.googleapis.com/v1beta1/projects/store-automation-dee9e {"projectId":"store-automation-dee9e","projectNumber":"284307011517","displayName":"store-automation","name":"projects/store-automation-dee9e","resources":{"hostingSite":"store-automation-dee9e"},"state":"ACTIVE","etag":"1_36328c1c-c41a-45dc-bcba-a2ad8a28066b"}
[info] i  Using project store-automation-dee9e (store-automation) . 
[info] 
=== Hosting Setup
[debug] [2026-03-17T12:02:31.696Z] Checked if tokens are valid: true, expires at: 1773752547053
[debug] [2026-03-17T12:02:31.696Z] Checked if tokens are valid: true, expires at: 1773752547053
[debug] [2026-03-17T12:02:31.696Z] >>> [apiv2][query] GET https://firebase.googleapis.com/v1beta1/projects/store-automation-dee9e [none]
[debug] [2026-03-17T12:02:31.929Z] <<< [apiv2][status] GET https://firebase.googleapis.com/v1beta1/projects/store-automation-dee9e 200
[debug] [2026-03-17T12:02:31.930Z] <<< [apiv2][body] GET https://firebase.googleapis.com/v1beta1/projects/store-automation-dee9e {"projectId":"store-automation-dee9e","projectNumber":"284307011517","displayName":"store-automation","name":"projects/store-automation-dee9e","resources":{"hostingSite":"store-automation-dee9e"},"state":"ACTIVE","etag":"1_36328c1c-c41a-45dc-bcba-a2ad8a28066b"}
[info] 
[info] i  Detected a .git folder at /home/user/storeautomation 
[info] i  Authorizing with GitHub to upload your service account to a GitHub repository's secrets store. 
[info] 
[info] Visit this URL on this device to log in:
[info] https://github.com/login/oauth/authorize?client_id=89cf50f02ac6aaed3484&state=849149104&redirect_uri=http%3A%2F%2Flocalhost%3A9006&scope=read%3Auser%20repo%20public_repo
[info] 
[info] Waiting for authentication...
